<?xml version="1.0" encoding="UTF-8"?>
<!-- Generated by org.testng.reporters.JUnitReportReporter -->
<testsuite hostname="LTIN593500" failures="0" tests="9" name="flightSearchAutomation.Main" time="28.960" errors="0" timestamp="2025-04-01T11:59:08 IST" skipped="0">
  <testcase classname="flightSearchAutomation.Main" name="launchWebsite" time="3.157"/>
  <testcase classname="flightSearchAutomation.Main" name="selectDeparturePlace" time="0.803"/>
  <testcase classname="flightSearchAutomation.Main" name="selectDestinationPlace" time="0.546"/>
  <testcase classname="flightSearchAutomation.Main" name="selectDepartureDate" time="1.174"/>
  <testcase classname="flightSearchAutomation.Main" name="selectTravelAndClass" time="1.612"/>
  <testcase classname="flightSearchAutomation.Main" name="selectReturnDate" time="1.080"/>
  <testcase classname="flightSearchAutomation.Main" name="selectSearch" time="0.354"/>
  <testcase classname="flightSearchAutomation.Main" name="switchWindow" time="3.275"/>
  <testcase classname="flightSearchAutomation.Main" name="retriveDetails" time="16.959"/>
</testsuite> <!-- flightSearchAutomation.Main -->
