<?xml version="1.0" encoding="UTF-8"?>
<!-- Generated by org.testng.reporters.JUnitReportReporter -->
<testsuite hostname="LTIN593500" failures="0" tests="4" name="InsuranceAutomation.TermLifeInsuranceTest" time="11.115" errors="0" timestamp="2025-04-16T09:11:13 IST" skipped="0">
  <testcase classname="InsuranceAutomation.TermLifeInsuranceTest" name="testHomePage" time="2.646"/>
  <testcase classname="InsuranceAutomation.TermLifeInsuranceTest" name="testTermLifeNavigation" time="1.945"/>
  <testcase classname="InsuranceAutomation.TermLifeInsuranceTest" name="testTermLifeErrorMessages" time="0.908"/>
  <testcase classname="InsuranceAutomation.TermLifeInsuranceTest" name="testTermLifeDetailsEntry" time="5.616"/>
</testsuite> <!-- InsuranceAutomation.TermLifeInsuranceTest -->
