<?xml version="1.0" encoding="UTF-8"?>
<!-- Generated by org.testng.reporters.JUnitReportReporter -->
<testsuite hostname="LTIN593500" failures="0" tests="6" name="InsuranceAutomation.BikeInsuranceTest" time="20.557" errors="0" timestamp="2025-04-16T09:11:13 IST" skipped="0">
  <testcase classname="InsuranceAutomation.BikeInsuranceTest" name="testHomePage" time="2.601"/>
  <testcase classname="InsuranceAutomation.BikeInsuranceTest" name="testBikeNavigation" time="2.256"/>
  <testcase classname="InsuranceAutomation.BikeInsuranceTest" name="testBikeDetailsEntry" time="6.497"/>
  <testcase classname="InsuranceAutomation.BikeInsuranceTest" name="testBikeRegistrationDetailsEntry" time="2.589"/>
  <testcase classname="InsuranceAutomation.BikeInsuranceTest" name="testBikePolicyExpiredDetailsEntry" time="3.383"/>
  <testcase classname="InsuranceAutomation.BikeInsuranceTest" name="testBikePlanResult" time="3.231"/>
</testsuite> <!-- InsuranceAutomation.BikeInsuranceTest -->
