<?xml version="1.0" encoding="UTF-8"?>
<!-- Generated by org.testng.reporters.JUnitReportReporter -->
<testsuite hostname="LTIN593500" failures="0" tests="6" name="InsuranceAutomation_testClass.BikeInsuranceTest" time="21.386" errors="0" timestamp="2025-04-22T16:52:22 IST" skipped="0">
  <testcase classname="InsuranceAutomation_testClass.BikeInsuranceTest" name="testHomePage" time="2.392"/>
  <testcase classname="InsuranceAutomation_testClass.BikeInsuranceTest" name="testBikeNavigation" time="1.358"/>
  <testcase classname="InsuranceAutomation_testClass.BikeInsuranceTest" name="testBikeDetailsEntry" time="8.161"/>
  <testcase classname="InsuranceAutomation_testClass.BikeInsuranceTest" name="testBikeRegistrationDetailsEntry" time="3.113"/>
  <testcase classname="InsuranceAutomation_testClass.BikeInsuranceTest" name="testBikePolicyExpiredDetailsEntry" time="3.422"/>
  <testcase classname="InsuranceAutomation_testClass.BikeInsuranceTest" name="testBikePlanResult" time="2.940"/>
</testsuite> <!-- InsuranceAutomation_testClass.BikeInsuranceTest -->
