<?xml version="1.0" encoding="UTF-8"?>
<!-- Generated by org.testng.reporters.JUnitReportReporter -->
<testsuite hostname="LTIN593500" failures="0" tests="4" name="InsuranceAutomation_testClass.TermLifeInsuranceTest" time="11.087" errors="0" timestamp="2025-04-22T16:52:22 IST" skipped="0">
  <testcase classname="InsuranceAutomation_testClass.TermLifeInsuranceTest" name="testHomePage" time="2.252"/>
  <testcase classname="InsuranceAutomation_testClass.TermLifeInsuranceTest" name="testTermLifeNavigation" time="1.325"/>
  <testcase classname="InsuranceAutomation_testClass.TermLifeInsuranceTest" name="testTermLifeErrorMessages" time="0.934"/>
  <testcase classname="InsuranceAutomation_testClass.TermLifeInsuranceTest" name="testTermLifeDetailsEntry" time="6.576"/>
</testsuite> <!-- InsuranceAutomation_testClass.TermLifeInsuranceTest -->
