<?xml version="1.0" encoding="UTF-8"?>
<!-- Generated by org.testng.reporters.JUnitReportReporter -->
<testsuite hostname="LTIN593500" failures="0" tests="3" name="InsuranceAutomation_testClass.HealthInsuranceTest" time="15.834" errors="0" timestamp="2025-04-22T16:52:22 IST" skipped="0">
  <testcase classname="InsuranceAutomation_testClass.HealthInsuranceTest" name="testHomePage" time="2.617"/>
  <testcase classname="InsuranceAutomation_testClass.HealthInsuranceTest" name="testHealthDetailsEntry" time="9.094"/>
  <testcase classname="InsuranceAutomation_testClass.HealthInsuranceTest" name="testHealthErrorMessages" time="4.123"/>
</testsuite> <!-- InsuranceAutomation_testClass.HealthInsuranceTest -->
