<?xml version="1.0" encoding="UTF-8"?>
<!-- Generated by org.testng.reporters.JUnitReportReporter -->
<testsuite hostname="LTIN593500" failures="0" tests="4" name="InsuranceAutomation_testClass.CarInsuranceTest" time="22.461" errors="0" timestamp="2025-04-22T16:52:22 IST" skipped="0">
  <testcase classname="InsuranceAutomation_testClass.CarInsuranceTest" name="testHomePage" time="2.615"/>
  <testcase classname="InsuranceAutomation_testClass.CarInsuranceTest" name="testCarNavigation" time="1.660"/>
  <testcase classname="InsuranceAutomation_testClass.CarInsuranceTest" name="testCarDetailsEntry" time="16.804"/>
  <testcase classname="InsuranceAutomation_testClass.CarInsuranceTest" name="testCarErrorMessages" time="1.382"/>
</testsuite> <!-- InsuranceAutomation_testClass.CarInsuranceTest -->
