<?xml version="1.0" encoding="UTF-8"?>
<!-- Generated by org.testng.reporters.JUnitReportReporter -->
<testsuite hostname="LTIN593500" failures="0" tests="4" name="InsuranceAutomation.CarInsuranceTest" time="23.681" errors="0" timestamp="2025-04-16T09:11:13 IST" skipped="0">
  <testcase classname="InsuranceAutomation.CarInsuranceTest" name="testHomePage" time="3.786"/>
  <testcase classname="InsuranceAutomation.CarInsuranceTest" name="testCarNavigation" time="2.723"/>
  <testcase classname="InsuranceAutomation.CarInsuranceTest" name="testCarDetailsEntry" time="14.106"/>
  <testcase classname="InsuranceAutomation.CarInsuranceTest" name="testCarErrorMessages" time="3.066"/>
</testsuite> <!-- InsuranceAutomation.CarInsuranceTest -->
