<?xml version="1.0" encoding="UTF-8"?>
<!-- Generated by org.testng.reporters.JUnitReportReporter -->
<testsuite hostname="LTIN593500" failures="0" tests="3" name="InsuranceAutomation.HealthInsuranceTest" time="19.693" errors="0" timestamp="2025-04-16T09:11:13 IST" skipped="0">
  <testcase classname="InsuranceAutomation.HealthInsuranceTest" name="testHomePage" time="2.213"/>
  <testcase classname="InsuranceAutomation.HealthInsuranceTest" name="testHealthDetailsEntry" time="10.689"/>
  <testcase classname="InsuranceAutomation.HealthInsuranceTest" name="testHealthErrorMessages" time="6.791"/>
</testsuite> <!-- InsuranceAutomation.HealthInsuranceTest -->
